[2024-05-22 00:39:07,261: INFO: main: Welcome to our custom logging]
[2024-05-22 00:40:41,255: INFO: main: Welcome to our custom logging]
[2024-05-22 02:03:19,341: INFO: common: yaml file: config/config.yaml loaded successfully]
[2024-05-22 02:03:40,279: INFO: common: yaml file: config/config.yaml loaded successfully]
[2024-05-22 02:03:40,281: INFO: common: yaml file: params.yaml loaded successfully]
[2024-05-22 02:04:53,661: INFO: common: yaml file: config/config.yaml loaded successfully]
[2024-05-22 02:04:53,662: INFO: common: yaml file: params.yaml loaded successfully]
[2024-05-22 02:04:53,664: INFO: common: yaml file: schema.yaml loaded successfully]
[2024-05-22 02:04:53,665: INFO: common: created directory at: artifacts]
[2024-05-22 02:04:53,665: INFO: common: created directory at: artifacts/data_ingestion]
[2024-05-22 02:11:49,402: INFO: common: yaml file: config/config.yaml loaded successfully]
[2024-05-22 02:11:49,404: INFO: common: yaml file: params.yaml loaded successfully]
[2024-05-22 02:11:49,407: INFO: common: yaml file: schema.yaml loaded successfully]
[2024-05-22 02:11:49,407: INFO: common: created directory at: artifacts]
[2024-05-22 02:11:49,408: INFO: common: created directory at: artifacts/data_ingestion]
[2024-05-22 02:11:54,806: INFO: common: yaml file: config/config.yaml loaded successfully]
[2024-05-22 02:11:54,807: INFO: common: yaml file: params.yaml loaded successfully]
[2024-05-22 02:11:54,808: INFO: common: yaml file: schema.yaml loaded successfully]
[2024-05-22 02:11:54,809: INFO: common: created directory at: artifacts]
[2024-05-22 02:11:54,809: INFO: common: created directory at: artifacts/data_ingestion]
[2024-05-22 02:20:17,480: INFO: main: Welcome to our custom logging]
[2024-05-22 02:21:46,960: INFO: main: Welcome to our custom logging]
[2024-05-22 02:27:10,626: INFO: common: yaml file: config/config.yaml loaded successfully]
[2024-05-22 02:27:10,628: INFO: common: yaml file: params.yaml loaded successfully]
[2024-05-22 02:27:10,630: INFO: common: yaml file: schema.yaml loaded successfully]
[2024-05-22 02:27:10,631: INFO: common: created directory at: artifacts]
[2024-05-22 02:27:10,631: INFO: common: created directory at: artifacts/data_ingestion]
[2024-05-22 02:27:11,569: INFO: 2366278714: artifacts/data_ingestion/data.zip download! with following info: 
Connection: close
Content-Length: 23329
Cache-Control: max-age=300
Content-Security-Policy: default-src 'none'; style-src 'unsafe-inline'; sandbox
Content-Type: application/zip
ETag: "c69888a4ae59bc5a893392785a938ccd4937981c06ba8a9d6a21aa52b4ab5b6e"
Strict-Transport-Security: max-age=31536000
X-Content-Type-Options: nosniff
X-Frame-Options: deny
X-XSS-Protection: 1; mode=block
X-GitHub-Request-Id: 132C:0929:5EB1A2:74D0FA:664CF58E
Accept-Ranges: bytes
Date: Tue, 21 May 2024 19:27:11 GMT
Via: 1.1 varnish
X-Served-By: cache-bkk2310024-BKK
X-Cache: MISS
X-Cache-Hits: 0
X-Timer: S1716319631.250472,VS0,VE338
Vary: Authorization,Accept-Encoding,Origin
Access-Control-Allow-Origin: *
Cross-Origin-Resource-Policy: cross-origin
X-Fastly-Request-ID: ff3e0efa066478224f66b1c7413aa9f504fc595e
Expires: Tue, 21 May 2024 19:32:11 GMT
Source-Age: 0

]
[2024-05-22 16:11:08,163: INFO: main: >>>>>> stage Data Ingestion stage started <<<<<<]
[2024-05-22 16:11:08,164: INFO: common: yaml file: config/config.yaml loaded successfully]
[2024-05-22 16:11:08,164: INFO: common: yaml file: params.yaml loaded successfully]
[2024-05-22 16:11:08,164: INFO: common: yaml file: schema.yaml loaded successfully]
[2024-05-22 16:11:08,165: INFO: common: created directory at: artifacts]
[2024-05-22 16:11:08,165: INFO: common: created directory at: artifacts/data_ingestion]
[2024-05-22 16:11:09,200: INFO: data_ingestion: artifacts/data_ingestion/data.zip download! with following info: 
Connection: close
Content-Length: 23329
Cache-Control: max-age=300
Content-Security-Policy: default-src 'none'; style-src 'unsafe-inline'; sandbox
Content-Type: application/zip
ETag: "c69888a4ae59bc5a893392785a938ccd4937981c06ba8a9d6a21aa52b4ab5b6e"
Strict-Transport-Security: max-age=31536000
X-Content-Type-Options: nosniff
X-Frame-Options: deny
X-XSS-Protection: 1; mode=block
X-GitHub-Request-Id: 3528:08EB:6C4E47:85623D:664DB6AC
Accept-Ranges: bytes
Date: Wed, 22 May 2024 09:11:09 GMT
Via: 1.1 varnish
X-Served-By: cache-bkk2310023-BKK
X-Cache: MISS
X-Cache-Hits: 0
X-Timer: S1716369069.795719,VS0,VE379
Vary: Authorization,Accept-Encoding,Origin
Access-Control-Allow-Origin: *
Cross-Origin-Resource-Policy: cross-origin
X-Fastly-Request-ID: 3f0bfe8b6607c43d71fefb68a6c746706b858ca0
Expires: Wed, 22 May 2024 09:16:09 GMT
Source-Age: 0

]
[2024-05-22 16:11:09,204: INFO: main: >>>>>> stage Data Ingestion stage completed <<<<<<

x==========x]
[2024-05-22 16:19:05,735: INFO: main: >>>>>> stage Data Ingestion stage started <<<<<<]
[2024-05-22 16:19:05,736: INFO: common: yaml file: config/config.yaml loaded successfully]
[2024-05-22 16:19:05,736: INFO: common: yaml file: params.yaml loaded successfully]
[2024-05-22 16:19:05,737: INFO: common: yaml file: schema.yaml loaded successfully]
[2024-05-22 16:19:05,737: INFO: common: created directory at: artifacts]
[2024-05-22 16:19:05,737: INFO: common: created directory at: artifacts/data_ingestion]
[2024-05-22 16:19:06,624: INFO: data_ingestion: artifacts/data_ingestion/data.zip download! with following info: 
Connection: close
Content-Length: 23329
Cache-Control: max-age=300
Content-Security-Policy: default-src 'none'; style-src 'unsafe-inline'; sandbox
Content-Type: application/zip
ETag: "c69888a4ae59bc5a893392785a938ccd4937981c06ba8a9d6a21aa52b4ab5b6e"
Strict-Transport-Security: max-age=31536000
X-Content-Type-Options: nosniff
X-Frame-Options: deny
X-XSS-Protection: 1; mode=block
X-GitHub-Request-Id: 3528:08EB:6C4E47:85623D:664DB6AC
Accept-Ranges: bytes
Date: Wed, 22 May 2024 09:19:06 GMT
Via: 1.1 varnish
X-Served-By: cache-bkk2310026-BKK
X-Cache: HIT
X-Cache-Hits: 0
X-Timer: S1716369546.263112,VS0,VE357
Vary: Authorization,Accept-Encoding,Origin
Access-Control-Allow-Origin: *
Cross-Origin-Resource-Policy: cross-origin
X-Fastly-Request-ID: 600a2469600e838b915011d030a1484361b1cf7b
Expires: Wed, 22 May 2024 09:24:06 GMT
Source-Age: 0

]
[2024-05-22 16:19:06,626: INFO: main: >>>>>> stage Data Ingestion stage completed <<<<<<

x==========x]
[2024-05-22 16:23:31,391: INFO: main: >>>>>> stage Data Ingestion stage started <<<<<<]
[2024-05-22 16:23:31,391: INFO: common: yaml file: config/config.yaml loaded successfully]
[2024-05-22 16:23:31,392: INFO: common: yaml file: params.yaml loaded successfully]
[2024-05-22 16:23:31,392: INFO: common: yaml file: schema.yaml loaded successfully]
[2024-05-22 16:23:31,393: INFO: common: created directory at: artifacts]
[2024-05-22 16:23:31,393: INFO: common: created directory at: artifacts/data_ingestion]
[2024-05-22 16:23:32,061: INFO: data_ingestion: artifacts/data_ingestion/data.zip download! with following info: 
Connection: close
Content-Length: 23329
Cache-Control: max-age=300
Content-Security-Policy: default-src 'none'; style-src 'unsafe-inline'; sandbox
Content-Type: application/zip
ETag: "c69888a4ae59bc5a893392785a938ccd4937981c06ba8a9d6a21aa52b4ab5b6e"
Strict-Transport-Security: max-age=31536000
X-Content-Type-Options: nosniff
X-Frame-Options: deny
X-XSS-Protection: 1; mode=block
X-GitHub-Request-Id: 3528:08EB:6C4E47:85623D:664DB6AC
Accept-Ranges: bytes
Date: Wed, 22 May 2024 09:23:32 GMT
Via: 1.1 varnish
X-Served-By: cache-bkk2310022-BKK
X-Cache: HIT
X-Cache-Hits: 0
X-Timer: S1716369812.058819,VS0,VE1
Vary: Authorization,Accept-Encoding,Origin
Access-Control-Allow-Origin: *
Cross-Origin-Resource-Policy: cross-origin
X-Fastly-Request-ID: 8f4761ba4fb5dca6d051ad15f12a71b8bb231887
Expires: Wed, 22 May 2024 09:28:32 GMT
Source-Age: 265

]
[2024-05-22 16:23:32,064: INFO: main: >>>>>> stage Data Ingestion stage completed <<<<<<

x==========x]
[2024-05-22 17:15:53,678: INFO: common: yaml file: config/config.yaml loaded successfully]
[2024-05-22 17:15:53,680: INFO: common: yaml file: params.yaml loaded successfully]
[2024-05-22 17:15:53,682: INFO: common: yaml file: schema.yaml loaded successfully]
[2024-05-22 17:15:53,683: INFO: common: created directory at: artifacts]
[2024-05-22 17:16:46,371: INFO: common: yaml file: config/config.yaml loaded successfully]
[2024-05-22 17:16:46,373: INFO: common: yaml file: params.yaml loaded successfully]
[2024-05-22 17:16:46,374: INFO: common: yaml file: schema.yaml loaded successfully]
[2024-05-22 17:16:46,375: INFO: common: created directory at: artifacts]
[2024-05-22 17:16:46,376: INFO: common: created directory at: artifacts/data_validation]
[2024-05-22 19:43:00,559: INFO: main: >>>>>> stage Data Ingestion stage started <<<<<<]
[2024-05-22 19:43:00,560: INFO: common: yaml file: config/config.yaml loaded successfully]
[2024-05-22 19:43:00,561: INFO: common: yaml file: params.yaml loaded successfully]
[2024-05-22 19:43:00,561: INFO: common: yaml file: schema.yaml loaded successfully]
[2024-05-22 19:43:00,561: INFO: common: created directory at: artifacts]
[2024-05-22 19:43:00,561: INFO: common: created directory at: artifacts/data_ingestion]
[2024-05-22 19:43:00,562: INFO: data_ingestion: File already exists of size: ~ 23 KB]
[2024-05-22 19:43:00,563: INFO: main: >>>>>> stage Data Ingestion stage completed <<<<<<

x==========x]
[2024-05-22 19:43:00,563: INFO: main: >>>>>> stage Data Validation stage started <<<<<<]
[2024-05-22 19:43:00,563: ERROR: main: name 'DataValidationTrainingPipeline' is not defined]
Traceback (most recent call last):
  File "/Users/kitchaichawmengchai/Downloads/End to End MLops/End-to-End-MLops/main.py", line 18, in <module>
    data_ingestion = DataValidationTrainingPipeline()
                     ^^^^^^^^^^^^^^^^^^^^^^^^^^^^^^
NameError: name 'DataValidationTrainingPipeline' is not defined. Did you mean: 'DataIngestionTrainingPipeline'?
[2024-05-22 19:43:39,753: INFO: main: >>>>>> stage Data Ingestion stage started <<<<<<]
[2024-05-22 19:43:39,754: INFO: common: yaml file: config/config.yaml loaded successfully]
[2024-05-22 19:43:39,754: INFO: common: yaml file: params.yaml loaded successfully]
[2024-05-22 19:43:39,755: INFO: common: yaml file: schema.yaml loaded successfully]
[2024-05-22 19:43:39,755: INFO: common: created directory at: artifacts]
[2024-05-22 19:43:39,755: INFO: common: created directory at: artifacts/data_ingestion]
[2024-05-22 19:43:39,755: INFO: data_ingestion: File already exists of size: ~ 23 KB]
[2024-05-22 19:43:39,756: INFO: main: >>>>>> stage Data Ingestion stage completed <<<<<<

x==========x]
[2024-05-22 19:43:39,756: INFO: main: >>>>>> stage Data Validation stage started <<<<<<]
[2024-05-22 19:43:39,756: ERROR: main: name 'DataValidationTrainingPipeline' is not defined]
Traceback (most recent call last):
  File "/Users/kitchaichawmengchai/Downloads/End to End MLops/End-to-End-MLops/main.py", line 18, in <module>
    data_ingestion = DataValidationTrainingPipeline()
                     ^^^^^^^^^^^^^^^^^^^^^^^^^^^^^^
NameError: name 'DataValidationTrainingPipeline' is not defined. Did you mean: 'DataIngestionTrainingPipeline'?
[2024-05-22 19:43:50,305: INFO: main: >>>>>> stage Data Ingestion stage started <<<<<<]
[2024-05-22 19:43:50,306: INFO: common: yaml file: config/config.yaml loaded successfully]
[2024-05-22 19:43:50,306: INFO: common: yaml file: params.yaml loaded successfully]
[2024-05-22 19:43:50,306: INFO: common: yaml file: schema.yaml loaded successfully]
[2024-05-22 19:43:50,307: INFO: common: created directory at: artifacts]
[2024-05-22 19:43:50,307: INFO: common: created directory at: artifacts/data_ingestion]
[2024-05-22 19:43:50,307: INFO: data_ingestion: File already exists of size: ~ 23 KB]
[2024-05-22 19:43:50,307: INFO: main: >>>>>> stage Data Ingestion stage completed <<<<<<

x==========x]
[2024-05-22 19:43:50,307: INFO: main: >>>>>> stage Data Validation stage started <<<<<<]
[2024-05-22 19:43:50,307: ERROR: main: name 'DataValidationTrainingPipeline' is not defined]
Traceback (most recent call last):
  File "/Users/kitchaichawmengchai/Downloads/End to End MLops/End-to-End-MLops/main.py", line 18, in <module>
    data_ingestion = DataValidationTrainingPipeline()
                     ^^^^^^^^^^^^^^^^^^^^^^^^^^^^^^
NameError: name 'DataValidationTrainingPipeline' is not defined. Did you mean: 'DataIngestionTrainingPipeline'?
[2024-05-22 19:43:58,784: INFO: main: >>>>>> stage Data Ingestion stage started <<<<<<]
[2024-05-22 19:43:58,785: INFO: common: yaml file: config/config.yaml loaded successfully]
[2024-05-22 19:43:58,785: INFO: common: yaml file: params.yaml loaded successfully]
[2024-05-22 19:43:58,785: INFO: common: yaml file: schema.yaml loaded successfully]
[2024-05-22 19:43:58,785: INFO: common: created directory at: artifacts]
[2024-05-22 19:43:58,786: INFO: common: created directory at: artifacts/data_ingestion]
[2024-05-22 19:43:58,786: INFO: data_ingestion: File already exists of size: ~ 23 KB]
[2024-05-22 19:43:58,786: INFO: main: >>>>>> stage Data Ingestion stage completed <<<<<<

x==========x]
[2024-05-22 19:43:58,786: INFO: main: >>>>>> stage Data Validation stage started <<<<<<]
[2024-05-22 19:43:58,786: ERROR: main: name 'DataValidationTrainingPipeline' is not defined]
Traceback (most recent call last):
  File "/Users/kitchaichawmengchai/Downloads/End to End MLops/End-to-End-MLops/main.py", line 18, in <module>
    data_ingestion = DataValidationTrainingPipeline()
                     ^^^^^^^^^^^^^^^^^^^^^^^^^^^^^^
NameError: name 'DataValidationTrainingPipeline' is not defined. Did you mean: 'DataIngestionTrainingPipeline'?
[2024-05-22 19:45:42,244: INFO: main: >>>>>> stage Data Ingestion stage started <<<<<<]
[2024-05-22 19:45:42,245: INFO: common: yaml file: config/config.yaml loaded successfully]
[2024-05-22 19:45:42,246: INFO: common: yaml file: params.yaml loaded successfully]
[2024-05-22 19:45:42,246: INFO: common: yaml file: schema.yaml loaded successfully]
[2024-05-22 19:45:42,246: INFO: common: created directory at: artifacts]
[2024-05-22 19:45:42,246: INFO: common: created directory at: artifacts/data_ingestion]
[2024-05-22 19:45:42,246: INFO: data_ingestion: File already exists of size: ~ 23 KB]
[2024-05-22 19:45:42,247: INFO: main: >>>>>> stage Data Ingestion stage completed <<<<<<

x==========x]
[2024-05-22 19:45:42,247: INFO: main: >>>>>> stage Data Validation stage started <<<<<<]
[2024-05-22 19:45:42,247: ERROR: main: name 'DataValidationTrainingPipeline' is not defined]
Traceback (most recent call last):
  File "/Users/kitchaichawmengchai/Downloads/End to End MLops/End-to-End-MLops/main.py", line 18, in <module>
    data_ingestion = DataValidationTrainingPipeline()
                     ^^^^^^^^^^^^^^^^^^^^^^^^^^^^^^
NameError: name 'DataValidationTrainingPipeline' is not defined. Did you mean: 'DataIngestionTrainingPipeline'?
[2024-05-22 19:47:48,894: INFO: main: >>>>>> stage Data Ingestion stage started <<<<<<]
[2024-05-22 19:47:48,895: INFO: common: yaml file: config/config.yaml loaded successfully]
[2024-05-22 19:47:48,895: INFO: common: yaml file: params.yaml loaded successfully]
[2024-05-22 19:47:48,896: INFO: common: yaml file: schema.yaml loaded successfully]
[2024-05-22 19:47:48,896: INFO: common: created directory at: artifacts]
[2024-05-22 19:47:48,896: INFO: common: created directory at: artifacts/data_ingestion]
[2024-05-22 19:47:48,896: INFO: data_ingestion: File already exists of size: ~ 23 KB]
[2024-05-22 19:47:48,897: INFO: main: >>>>>> stage Data Ingestion stage completed <<<<<<

x==========x]
[2024-05-22 19:47:48,897: INFO: main: >>>>>> stage Data Validation stage started <<<<<<]
[2024-05-22 19:47:48,897: ERROR: main: name 'DataValidationTrainingPipeline' is not defined]
Traceback (most recent call last):
  File "/Users/kitchaichawmengchai/Downloads/End to End MLops/End-to-End-MLops/main.py", line 18, in <module>
    data_ingestion = DataValidationTrainingPipeline()
                     ^^^^^^^^^^^^^^^^^^^^^^^^^^^^^^
NameError: name 'DataValidationTrainingPipeline' is not defined. Did you mean: 'DataIngestionTrainingPipeline'?
[2024-05-22 19:48:31,642: INFO: main: >>>>>> stage Data Ingestion stage started <<<<<<]
[2024-05-22 19:48:31,643: INFO: common: yaml file: config/config.yaml loaded successfully]
[2024-05-22 19:48:31,643: INFO: common: yaml file: params.yaml loaded successfully]
[2024-05-22 19:48:31,644: INFO: common: yaml file: schema.yaml loaded successfully]
[2024-05-22 19:48:31,644: INFO: common: created directory at: artifacts]
[2024-05-22 19:48:31,644: INFO: common: created directory at: artifacts/data_ingestion]
[2024-05-22 19:48:31,644: INFO: data_ingestion: File already exists of size: ~ 23 KB]
[2024-05-22 19:48:31,645: INFO: main: >>>>>> stage Data Ingestion stage completed <<<<<<

x==========x]
[2024-05-22 19:48:31,645: INFO: main: >>>>>> stage Data Validation stage started <<<<<<]
[2024-05-22 19:48:31,645: ERROR: main: name 'DataValidationTrainingPipeline' is not defined]
Traceback (most recent call last):
  File "/Users/kitchaichawmengchai/Downloads/End to End MLops/End-to-End-MLops/main.py", line 18, in <module>
    data_ingestion = DataValidationTrainingPipeline()
                     ^^^^^^^^^^^^^^^^^^^^^^^^^^^^^^
NameError: name 'DataValidationTrainingPipeline' is not defined. Did you mean: 'DataIngestionTrainingPipeline'?
[2024-05-22 19:49:14,728: INFO: main: >>>>>> stage Data Ingestion stage started <<<<<<]
[2024-05-22 19:49:14,728: INFO: common: yaml file: config/config.yaml loaded successfully]
[2024-05-22 19:49:14,729: INFO: common: yaml file: params.yaml loaded successfully]
[2024-05-22 19:49:14,730: INFO: common: yaml file: schema.yaml loaded successfully]
[2024-05-22 19:49:14,730: INFO: common: created directory at: artifacts]
[2024-05-22 19:49:14,730: INFO: common: created directory at: artifacts/data_ingestion]
[2024-05-22 19:49:14,730: INFO: data_ingestion: File already exists of size: ~ 23 KB]
[2024-05-22 19:49:14,731: INFO: main: >>>>>> stage Data Ingestion stage completed <<<<<<

x==========x]
[2024-05-22 19:49:14,731: INFO: main: >>>>>> stage Data Validation stage started <<<<<<]
[2024-05-22 19:49:14,731: INFO: common: yaml file: config/config.yaml loaded successfully]
[2024-05-22 19:49:14,731: INFO: common: yaml file: params.yaml loaded successfully]
[2024-05-22 19:49:14,732: INFO: common: yaml file: schema.yaml loaded successfully]
[2024-05-22 19:49:14,732: INFO: common: created directory at: artifacts]
[2024-05-22 19:49:14,732: INFO: common: created directory at: artifacts/data_validation]
[2024-05-22 19:49:14,734: INFO: main: >>>>>> stage Data Validation stage completed <<<<<<

x==========x]
[2024-05-22 22:11:47,496: INFO: common: yaml file: config/config.yaml loaded successfully]
[2024-05-22 22:11:47,498: INFO: common: yaml file: params.yaml loaded successfully]
[2024-05-22 22:11:47,501: INFO: common: yaml file: schema.yaml loaded successfully]
[2024-05-22 22:11:47,501: INFO: common: created directory at: artifacts]
[2024-05-22 22:14:32,559: INFO: common: yaml file: config/config.yaml loaded successfully]
[2024-05-22 22:14:32,561: INFO: common: yaml file: params.yaml loaded successfully]
[2024-05-22 22:14:32,562: INFO: common: yaml file: schema.yaml loaded successfully]
[2024-05-22 22:14:32,562: INFO: common: created directory at: artifacts]
[2024-05-22 22:14:32,563: INFO: common: created directory at: artifacts/data_transformation]
[2024-05-22 22:14:32,595: INFO: 2148425976: Splited data into training and test sets]
[2024-05-22 22:14:32,595: INFO: 2148425976: (1199, 12)]
[2024-05-22 22:14:32,596: INFO: 2148425976: (400, 12)]
[2024-05-22 22:31:06,493: INFO: main: >>>>>> stage Data Ingestion stage started <<<<<<]
[2024-05-22 22:31:06,493: INFO: common: yaml file: config/config.yaml loaded successfully]
[2024-05-22 22:31:06,494: INFO: common: yaml file: params.yaml loaded successfully]
[2024-05-22 22:31:06,495: INFO: common: yaml file: schema.yaml loaded successfully]
[2024-05-22 22:31:06,495: INFO: common: created directory at: artifacts]
[2024-05-22 22:31:06,495: INFO: common: created directory at: artifacts/data_ingestion]
[2024-05-22 22:31:06,495: INFO: data_ingestion: File already exists of size: ~ 23 KB]
[2024-05-22 22:31:06,496: INFO: main: >>>>>> stage Data Ingestion stage completed <<<<<<

x==========x]
[2024-05-22 22:31:06,496: INFO: main: >>>>>> stage Data Validation stage started <<<<<<]
[2024-05-22 22:31:06,497: INFO: common: yaml file: config/config.yaml loaded successfully]
[2024-05-22 22:31:06,497: INFO: common: yaml file: params.yaml loaded successfully]
[2024-05-22 22:31:06,497: INFO: common: yaml file: schema.yaml loaded successfully]
[2024-05-22 22:31:06,498: INFO: common: created directory at: artifacts]
[2024-05-22 22:31:06,498: INFO: common: created directory at: artifacts/data_validation]
[2024-05-22 22:31:06,501: INFO: main: >>>>>> stage Data Validation stage completed <<<<<<

x==========x]
[2024-05-22 22:31:06,501: INFO: main: >>>>>> stage Data Transformation stage started <<<<<<]
[2024-05-22 22:31:06,501: INFO: common: yaml file: config/config.yaml loaded successfully]
[2024-05-22 22:31:06,501: INFO: common: yaml file: params.yaml loaded successfully]
[2024-05-22 22:31:06,502: INFO: common: yaml file: schema.yaml loaded successfully]
[2024-05-22 22:31:06,502: INFO: common: created directory at: artifacts]
[2024-05-22 22:31:06,502: INFO: common: created directory at: artifacts/data_transformation]
[2024-05-22 22:31:06,511: INFO: data_transformation: Splited data into training and test sets]
[2024-05-22 22:31:06,511: INFO: data_transformation: (1199, 12)]
[2024-05-22 22:31:06,511: INFO: data_transformation: (400, 12)]
[2024-05-22 22:31:06,511: INFO: main: >>>>>> stage Data Transformation stage completed <<<<<<

x==========x]
[2024-05-22 22:38:42,099: INFO: main: >>>>>> stage Data Ingestion stage started <<<<<<]
[2024-05-22 22:38:42,100: INFO: common: yaml file: config/config.yaml loaded successfully]
[2024-05-22 22:38:42,101: INFO: common: yaml file: params.yaml loaded successfully]
[2024-05-22 22:38:42,102: INFO: common: yaml file: schema.yaml loaded successfully]
[2024-05-22 22:38:42,102: INFO: common: created directory at: artifacts]
[2024-05-22 22:38:42,102: INFO: common: created directory at: artifacts/data_ingestion]
[2024-05-22 22:38:42,102: INFO: data_ingestion: File already exists of size: ~ 23 KB]
[2024-05-22 22:38:42,103: INFO: main: >>>>>> stage Data Ingestion stage completed <<<<<<

x==========x]
[2024-05-22 22:38:42,103: INFO: main: >>>>>> stage Data Validation stage started <<<<<<]
[2024-05-22 22:38:42,104: INFO: common: yaml file: config/config.yaml loaded successfully]
[2024-05-22 22:38:42,104: INFO: common: yaml file: params.yaml loaded successfully]
[2024-05-22 22:38:42,104: INFO: common: yaml file: schema.yaml loaded successfully]
[2024-05-22 22:38:42,105: INFO: common: created directory at: artifacts]
[2024-05-22 22:38:42,105: INFO: common: created directory at: artifacts/data_validation]
[2024-05-22 22:38:42,110: INFO: main: >>>>>> stage Data Validation stage completed <<<<<<

x==========x]
[2024-05-22 22:38:42,110: INFO: main: >>>>>> stage Data Transformation stage started <<<<<<]
[2024-05-22 22:38:42,110: INFO: main: >>>>>> stage Data Transformation stage completed <<<<<<

x==========x]
[2024-05-23 16:29:56,675: INFO: common: yaml file: config/config.yaml loaded successfully]
[2024-05-23 16:29:56,677: INFO: common: yaml file: params.yaml loaded successfully]
[2024-05-23 16:29:56,678: INFO: common: yaml file: schema.yaml loaded successfully]
[2024-05-23 16:29:56,678: INFO: common: created directory at: artifacts]
[2024-05-23 16:29:56,679: INFO: common: created directory at: artifacts/model_trainer]
[2024-05-23 16:51:40,503: INFO: main: >>>>>> stage Data Ingestion stage started <<<<<<]
[2024-05-23 16:51:40,504: INFO: common: yaml file: config/config.yaml loaded successfully]
[2024-05-23 16:51:40,504: INFO: common: yaml file: params.yaml loaded successfully]
[2024-05-23 16:51:40,505: INFO: common: yaml file: schema.yaml loaded successfully]
[2024-05-23 16:51:40,505: INFO: common: created directory at: artifacts]
[2024-05-23 16:51:40,505: INFO: common: created directory at: artifacts/data_ingestion]
[2024-05-23 16:51:40,505: INFO: data_ingestion: File already exists of size: ~ 23 KB]
[2024-05-23 16:51:40,507: INFO: main: >>>>>> stage Data Ingestion stage completed <<<<<<

x==========x]
[2024-05-23 16:51:40,507: INFO: main: >>>>>> stage Data Validation stage started <<<<<<]
[2024-05-23 16:51:40,508: INFO: common: yaml file: config/config.yaml loaded successfully]
[2024-05-23 16:51:40,508: INFO: common: yaml file: params.yaml loaded successfully]
[2024-05-23 16:51:40,508: INFO: common: yaml file: schema.yaml loaded successfully]
[2024-05-23 16:51:40,509: INFO: common: created directory at: artifacts]
[2024-05-23 16:51:40,509: INFO: common: created directory at: artifacts/data_validation]
[2024-05-23 16:51:40,511: INFO: main: >>>>>> stage Data Validation stage completed <<<<<<

x==========x]
[2024-05-23 16:51:40,511: INFO: main: >>>>>> stage Data Transformation stage started <<<<<<]
[2024-05-23 16:51:40,512: INFO: main: >>>>>> stage Data Transformation stage completed <<<<<<

x==========x]
[2024-05-23 16:51:40,512: INFO: main: >>>>>> stage Model trainer stage started <<<<<<]
[2024-05-23 16:51:40,512: INFO: common: yaml file: config/config.yaml loaded successfully]
[2024-05-23 16:51:40,512: INFO: common: yaml file: params.yaml loaded successfully]
[2024-05-23 16:51:40,513: INFO: common: yaml file: schema.yaml loaded successfully]
[2024-05-23 16:51:40,513: INFO: common: created directory at: artifacts]
[2024-05-23 16:51:40,513: INFO: common: created directory at: artifacts/model_trainer]
[2024-05-23 16:51:40,517: INFO: main: >>>>>> stage Model trainer stage completed <<<<<<

x==========x]
[2024-05-23 17:50:14,738: INFO: common: yaml file: config/config.yaml loaded successfully]
[2024-05-23 17:50:14,740: INFO: common: yaml file: params.yaml loaded successfully]
[2024-05-23 17:50:14,741: INFO: common: yaml file: schema.yaml loaded successfully]
[2024-05-23 17:50:14,742: INFO: common: created directory at: artifacts]
[2024-05-23 17:50:14,742: INFO: common: created directory at: artifacts/model_evaluation]
[2024-05-23 17:50:15,356: INFO: common: json file saved at: artifacts/model_evaluation/metrics.json]
[2024-05-23 17:54:17,246: INFO: common: yaml file: config/config.yaml loaded successfully]
[2024-05-23 17:54:17,249: INFO: common: yaml file: params.yaml loaded successfully]
[2024-05-23 17:54:17,251: INFO: common: yaml file: schema.yaml loaded successfully]
[2024-05-23 17:54:17,252: INFO: common: created directory at: artifacts]
[2024-05-23 17:54:17,252: INFO: common: created directory at: artifacts/model_evaluation]
[2024-05-23 17:54:17,690: INFO: common: json file saved at: artifacts/model_evaluation/metrics.json]
[2024-05-23 18:08:46,078: INFO: main: >>>>>> stage Data Ingestion stage started <<<<<<]
[2024-05-23 18:08:46,079: INFO: common: yaml file: config/config.yaml loaded successfully]
[2024-05-23 18:08:46,079: INFO: common: yaml file: params.yaml loaded successfully]
[2024-05-23 18:08:46,080: INFO: common: yaml file: schema.yaml loaded successfully]
[2024-05-23 18:08:46,080: INFO: common: created directory at: artifacts]
[2024-05-23 18:08:46,080: INFO: common: created directory at: artifacts/data_ingestion]
[2024-05-23 18:08:46,080: INFO: data_ingestion: File already exists of size: ~ 23 KB]
[2024-05-23 18:08:46,082: INFO: main: >>>>>> stage Data Ingestion stage completed <<<<<<

x==========x]
[2024-05-23 18:08:46,082: INFO: main: >>>>>> stage Data Validation stage started <<<<<<]
[2024-05-23 18:08:46,082: INFO: common: yaml file: config/config.yaml loaded successfully]
[2024-05-23 18:08:46,083: INFO: common: yaml file: params.yaml loaded successfully]
[2024-05-23 18:08:46,083: INFO: common: yaml file: schema.yaml loaded successfully]
[2024-05-23 18:08:46,083: INFO: common: created directory at: artifacts]
[2024-05-23 18:08:46,083: INFO: common: created directory at: artifacts/data_validation]
[2024-05-23 18:08:46,087: INFO: main: >>>>>> stage Data Validation stage completed <<<<<<

x==========x]
[2024-05-23 18:08:46,087: INFO: main: >>>>>> stage Data Transformation stage started <<<<<<]
[2024-05-23 18:08:46,087: INFO: main: >>>>>> stage Data Transformation stage completed <<<<<<

x==========x]
[2024-05-23 18:08:46,087: INFO: main: >>>>>> stage Model trainer stage started <<<<<<]
[2024-05-23 18:08:46,088: INFO: common: yaml file: config/config.yaml loaded successfully]
[2024-05-23 18:08:46,088: INFO: common: yaml file: params.yaml loaded successfully]
[2024-05-23 18:08:46,088: INFO: common: yaml file: schema.yaml loaded successfully]
[2024-05-23 18:08:46,089: INFO: common: created directory at: artifacts]
[2024-05-23 18:08:46,089: INFO: common: created directory at: artifacts/model_evaluation]
[2024-05-23 18:08:46,368: ERROR: main: name 'save_json' is not defined]
Traceback (most recent call last):
  File "/Users/kitchaichawmengchai/Downloads/End to End MLops/End-to-End-MLops/main.py", line 46, in <module>
    data_ingestion.main()
  File "/Users/kitchaichawmengchai/Downloads/End to End MLops/End-to-End-MLops/src/mlProject/pipeline/stage_04_model_trainer.py", line 16, in main
    model_evaluation_config.log_into_mlflow()
  File "/Users/kitchaichawmengchai/Downloads/End to End MLops/End-to-End-MLops/src/mlProject/components/model_evaluation.py", line 48, in log_into_mlflow
    save_json(path=Path(self.config.metric_file_name), data=scores)
    ^^^^^^^^^
NameError: name 'save_json' is not defined
[2024-05-23 18:09:52,377: INFO: main: >>>>>> stage Data Ingestion stage started <<<<<<]
[2024-05-23 18:09:52,379: INFO: common: yaml file: config/config.yaml loaded successfully]
[2024-05-23 18:09:52,379: INFO: common: yaml file: params.yaml loaded successfully]
[2024-05-23 18:09:52,380: INFO: common: yaml file: schema.yaml loaded successfully]
[2024-05-23 18:09:52,380: INFO: common: created directory at: artifacts]
[2024-05-23 18:09:52,380: INFO: common: created directory at: artifacts/data_ingestion]
[2024-05-23 18:09:52,380: INFO: data_ingestion: File already exists of size: ~ 23 KB]
[2024-05-23 18:09:52,381: INFO: main: >>>>>> stage Data Ingestion stage completed <<<<<<

x==========x]
[2024-05-23 18:09:52,381: INFO: main: >>>>>> stage Data Validation stage started <<<<<<]
[2024-05-23 18:09:52,382: INFO: common: yaml file: config/config.yaml loaded successfully]
[2024-05-23 18:09:52,382: INFO: common: yaml file: params.yaml loaded successfully]
[2024-05-23 18:09:52,383: INFO: common: yaml file: schema.yaml loaded successfully]
[2024-05-23 18:09:52,383: INFO: common: created directory at: artifacts]
[2024-05-23 18:09:52,383: INFO: common: created directory at: artifacts/data_validation]
[2024-05-23 18:09:52,386: INFO: main: >>>>>> stage Data Validation stage completed <<<<<<

x==========x]
[2024-05-23 18:09:52,386: INFO: main: >>>>>> stage Data Transformation stage started <<<<<<]
[2024-05-23 18:09:52,386: INFO: main: >>>>>> stage Data Transformation stage completed <<<<<<

x==========x]
[2024-05-23 18:09:52,386: INFO: main: >>>>>> stage Model trainer stage started <<<<<<]
[2024-05-23 18:09:52,387: INFO: common: yaml file: config/config.yaml loaded successfully]
[2024-05-23 18:09:52,387: INFO: common: yaml file: params.yaml loaded successfully]
[2024-05-23 18:09:52,387: INFO: common: yaml file: schema.yaml loaded successfully]
[2024-05-23 18:09:52,388: INFO: common: created directory at: artifacts]
[2024-05-23 18:09:52,388: INFO: common: created directory at: artifacts/model_evaluation]
[2024-05-23 18:09:52,666: INFO: common: json file saved at: artifacts/model_evaluation/metrics.json]
[2024-05-23 18:09:54,016: INFO: main: >>>>>> stage Model trainer stage completed <<<<<<

x==========x]
[2024-05-23 18:09:54,016: INFO: main: >>>>>> stage Model evaluation stage started <<<<<<]
[2024-05-23 18:09:54,017: INFO: common: yaml file: config/config.yaml loaded successfully]
[2024-05-23 18:09:54,017: INFO: common: yaml file: params.yaml loaded successfully]
[2024-05-23 18:09:54,018: INFO: common: yaml file: schema.yaml loaded successfully]
[2024-05-23 18:09:54,018: INFO: common: created directory at: artifacts]
[2024-05-23 18:09:54,018: INFO: common: created directory at: artifacts/model_evaluation]
[2024-05-23 18:09:54,025: INFO: common: json file saved at: artifacts/model_evaluation/metrics.json]
[2024-05-23 18:09:54,986: INFO: main: >>>>>> stage Model evaluation stage completed <<<<<<

x==========x]
[2024-05-23 18:17:26,648: INFO: main: >>>>>> stage Data Ingestion stage started <<<<<<]
[2024-05-23 18:17:26,649: INFO: common: yaml file: config/config.yaml loaded successfully]
[2024-05-23 18:17:26,650: INFO: common: yaml file: params.yaml loaded successfully]
[2024-05-23 18:17:26,650: INFO: common: yaml file: schema.yaml loaded successfully]
[2024-05-23 18:17:26,651: INFO: common: created directory at: artifacts]
[2024-05-23 18:17:26,651: INFO: common: created directory at: artifacts/data_ingestion]
[2024-05-23 18:17:26,651: INFO: data_ingestion: File already exists of size: ~ 23 KB]
[2024-05-23 18:17:26,652: INFO: main: >>>>>> stage Data Ingestion stage completed <<<<<<

x==========x]
[2024-05-23 18:17:26,652: INFO: main: >>>>>> stage Data Validation stage started <<<<<<]
[2024-05-23 18:17:26,652: INFO: common: yaml file: config/config.yaml loaded successfully]
[2024-05-23 18:17:26,653: INFO: common: yaml file: params.yaml loaded successfully]
[2024-05-23 18:17:26,653: INFO: common: yaml file: schema.yaml loaded successfully]
[2024-05-23 18:17:26,653: INFO: common: created directory at: artifacts]
[2024-05-23 18:17:26,653: INFO: common: created directory at: artifacts/data_validation]
[2024-05-23 18:17:26,656: INFO: main: >>>>>> stage Data Validation stage completed <<<<<<

x==========x]
[2024-05-23 18:17:26,656: INFO: main: >>>>>> stage Data Transformation stage started <<<<<<]
[2024-05-23 18:17:26,656: INFO: main: >>>>>> stage Data Transformation stage completed <<<<<<

x==========x]
[2024-05-23 18:17:26,656: INFO: main: >>>>>> stage Model trainer stage started <<<<<<]
[2024-05-23 18:17:26,657: INFO: common: yaml file: config/config.yaml loaded successfully]
[2024-05-23 18:17:26,657: INFO: common: yaml file: params.yaml loaded successfully]
[2024-05-23 18:17:26,658: INFO: common: yaml file: schema.yaml loaded successfully]
[2024-05-23 18:17:26,658: INFO: common: created directory at: artifacts]
[2024-05-23 18:17:26,658: INFO: common: created directory at: artifacts/model_evaluation]
[2024-05-23 18:17:26,939: INFO: common: json file saved at: artifacts/model_evaluation/metrics.json]
[2024-05-23 18:17:28,340: INFO: main: >>>>>> stage Model trainer stage completed <<<<<<

x==========x]
[2024-05-23 18:17:28,340: INFO: main: >>>>>> stage Model evaluation stage started <<<<<<]
[2024-05-23 18:17:28,341: INFO: common: yaml file: config/config.yaml loaded successfully]
[2024-05-23 18:17:28,341: INFO: common: yaml file: params.yaml loaded successfully]
[2024-05-23 18:17:28,342: INFO: common: yaml file: schema.yaml loaded successfully]
[2024-05-23 18:17:28,342: INFO: common: created directory at: artifacts]
[2024-05-23 18:17:28,342: INFO: common: created directory at: artifacts/model_evaluation]
[2024-05-23 18:17:28,350: INFO: common: json file saved at: artifacts/model_evaluation/metrics.json]
[2024-05-23 18:17:29,406: INFO: main: >>>>>> stage Model evaluation stage completed <<<<<<

x==========x]
[2024-05-23 18:19:45,552: INFO: helpers: Initialized MLflow to track repo "jackitchai/End-to-End-MLops"]
[2024-05-23 18:19:45,554: INFO: helpers: Repository jackitchai/End-to-End-MLops initialized!]
[2024-05-23 18:19:47,335: INFO: main: >>>>>> stage Data Ingestion stage started <<<<<<]
[2024-05-23 18:19:47,340: INFO: common: yaml file: config/config.yaml loaded successfully]
[2024-05-23 18:19:47,342: INFO: common: yaml file: params.yaml loaded successfully]
[2024-05-23 18:19:47,344: INFO: common: yaml file: schema.yaml loaded successfully]
[2024-05-23 18:19:47,345: INFO: common: created directory at: artifacts]
[2024-05-23 18:19:47,345: INFO: common: created directory at: artifacts/data_ingestion]
[2024-05-23 18:19:47,345: INFO: data_ingestion: File already exists of size: ~ 23 KB]
[2024-05-23 18:19:47,348: INFO: main: >>>>>> stage Data Ingestion stage completed <<<<<<

x==========x]
[2024-05-23 18:19:47,348: INFO: main: >>>>>> stage Data Validation stage started <<<<<<]
[2024-05-23 18:19:47,350: INFO: common: yaml file: config/config.yaml loaded successfully]
[2024-05-23 18:19:47,351: INFO: common: yaml file: params.yaml loaded successfully]
[2024-05-23 18:19:47,353: INFO: common: yaml file: schema.yaml loaded successfully]
[2024-05-23 18:19:47,353: INFO: common: created directory at: artifacts]
[2024-05-23 18:19:47,353: INFO: common: created directory at: artifacts/data_validation]
[2024-05-23 18:19:47,359: INFO: main: >>>>>> stage Data Validation stage completed <<<<<<

x==========x]
[2024-05-23 18:19:47,359: INFO: main: >>>>>> stage Data Transformation stage started <<<<<<]
[2024-05-23 18:19:47,359: INFO: main: >>>>>> stage Data Transformation stage completed <<<<<<

x==========x]
[2024-05-23 18:19:47,359: INFO: main: >>>>>> stage Model trainer stage started <<<<<<]
[2024-05-23 18:19:47,361: INFO: common: yaml file: config/config.yaml loaded successfully]
[2024-05-23 18:19:47,361: INFO: common: yaml file: params.yaml loaded successfully]
[2024-05-23 18:19:47,362: INFO: common: yaml file: schema.yaml loaded successfully]
[2024-05-23 18:19:47,362: INFO: common: created directory at: artifacts]
[2024-05-23 18:19:47,362: INFO: common: created directory at: artifacts/model_evaluation]
[2024-05-23 18:19:47,911: INFO: common: json file saved at: artifacts/model_evaluation/metrics.json]
[2024-05-23 18:20:00,496: INFO: main: >>>>>> stage Model trainer stage completed <<<<<<

x==========x]
[2024-05-23 18:20:00,497: INFO: main: >>>>>> stage Model evaluation stage started <<<<<<]
[2024-05-23 18:20:00,502: INFO: common: yaml file: config/config.yaml loaded successfully]
[2024-05-23 18:20:00,504: INFO: common: yaml file: params.yaml loaded successfully]
[2024-05-23 18:20:00,507: INFO: common: yaml file: schema.yaml loaded successfully]
[2024-05-23 18:20:00,508: INFO: common: created directory at: artifacts]
[2024-05-23 18:20:00,508: INFO: common: created directory at: artifacts/model_evaluation]
[2024-05-23 18:20:00,903: INFO: common: json file saved at: artifacts/model_evaluation/metrics.json]
[2024-05-23 18:20:12,438: INFO: main: >>>>>> stage Model evaluation stage completed <<<<<<

x==========x]
